# JRE version: Java(TM) SE Runtime Environment (19.0.2+7) (build 19.0.2+7-44)
# Java VM: Java HotSpot(TM) 64-Bit Server VM (19.0.2+7-44, mixed mode, sharing, tiered, compressed oops, compressed class ptrs, g1 gc, windows-amd64)
GC Precious Log:
 CardTable entry size: 512
 Card Set container configuration: InlinePtr #cards 5 size 8 Array Of Cards #cards 12 size 40 Howl #buckets 4 coarsen threshold 1843 Howl Bitmap #cards 512 size 80 coarsen threshold 460 Card regions per heap region 1 cards per card region 2048
 CPUs: 2 total, 2 available
 Memory: 3533M
 Large Page Support: Disabled
 NUMA Support: Disabled
 Compressed Oops: Enabled (32-bit)
 Heap Region Size: 1M
 Heap Min Capacity: 8M
 Heap Initial Capacity: 56M
 Heap Max Capacity: 884M
 Pre-touch: Disabled
 Parallel Workers: 2
 Concurrent Workers: 1
 Concurrent Refinement Workers: 2
 Periodic GC: Disabled
Heap:
 garbage-first heap   total 65536K, used 37356K [0x00000000c8c00000, 0x0000000100000000)
  region size 1024K, 2 young (2048K), 2 survivors (2048K)
 Metaspace       used 76100K, committed 76928K, reserved 1179648K
  class space    used 10053K, committed 10432K, reserved 1048576K
GC Heap History (20 events):
Event: 14.548 GC heap after
{Heap after GC invocations=18 (full 0):
 garbage-first heap   total 54272K, used 24743K [0x00000000c8c00000, 0x0000000100000000)
  region size 1024K, 2 young (2048K), 2 survivors (2048K)
 Metaspace       used 54806K, committed 55488K, reserved 1114112K
  class space    used 7148K, committed 7488K, reserved 1048576K
}
Event: 15.394 GC heap before
{Heap before GC invocations=18 (full 0):
 garbage-first heap   total 54272K, used 42151K [0x00000000c8c00000, 0x0000000100000000)
  region size 1024K, 20 young (20480K), 2 survivors (2048K)
 Metaspace       used 58336K, committed 59008K, reserved 1114112K
  class space    used 7560K, committed 7872K, reserved 1048576K
}
Event: 15.402 GC heap after
{Heap after GC invocations=19 (full 0):
 garbage-first heap   total 65536K, used 26290K [0x00000000c8c00000, 0x0000000100000000)
  region size 1024K, 3 young (3072K), 3 survivors (3072K)
 Metaspace       used 58336K, committed 59008K, reserved 1114112K
  class space    used 7560K, committed 7872K, reserved 1048576K
}
Event: 16.198 GC heap before
{Heap before GC invocations=19 (full 0):
 garbage-first heap   total 65536K, used 41650K [0x00000000c8c00000, 0x0000000100000000)
  region size 1024K, 19 young (19456K), 3 survivors (3072K)
 Metaspace       used 59500K, committed 60096K, reserved 1114112K
  class space    used 7720K, committed 8000K, reserved 1048576K
}
Event: 16.208 GC heap after
{Heap after GC invocations=20 (full 0):
 garbage-first heap   total 65536K, used 27434K [0x00000000c8c00000, 0x0000000100000000)
  region size 1024K, 3 young (3072K), 3 survivors (3072K)
 Metaspace       used 59500K, committed 60096K, reserved 1114112K
  class space    used 7720K, committed 8000K, reserved 1048576K
}
Event: 17.422 GC heap before
{Heap before GC invocations=21 (full 0):
 garbage-first heap   total 65536K, used 50986K [0x00000000c8c00000, 0x0000000100000000)
  region size 1024K, 26 young (26624K), 3 survivors (3072K)
 Metaspace       used 60955K, committed 61696K, reserved 1114112K
  class space    used 7956K, committed 8320K, reserved 1048576K
}
Event: 17.433 GC heap after
{Heap after GC invocations=22 (full 0):
 garbage-first heap   total 65536K, used 28802K [0x00000000c8c00000, 0x0000000100000000)
  region size 1024K, 3 young (3072K), 3 survivors (3072K)
 Metaspace       used 60955K, committed 61696K, reserved 1114112K
  class space    used 7956K, committed 8320K, reserved 1048576K
}
Event: 17.453 GC heap before
{Heap before GC invocations=22 (full 0):
 garbage-first heap   total 65536K, used 29826K [0x00000000c8c00000, 0x0000000100000000)
  region size 1024K, 4 young (4096K), 3 survivors (3072K)
 Metaspace       used 61116K, committed 61824K, reserved 1114112K
  class space    used 7970K, committed 8320K, reserved 1048576K
}
Event: 17.461 GC heap after
{Heap after GC invocations=23 (full 0):
 garbage-first heap   total 65536K, used 28693K [0x00000000c8c00000, 0x0000000100000000)
  region size 1024K, 1 young (1024K), 1 survivors (1024K)
 Metaspace       used 61116K, committed 61824K, reserved 1114112K
  class space    used 7970K, committed 8320K, reserved 1048576K
}
Event: 18.175 GC heap before
{Heap before GC invocations=23 (full 0):
 garbage-first heap   total 65536K, used 51221K [0x00000000c8c00000, 0x0000000100000000)
  region size 1024K, 24 young (24576K), 1 survivors (1024K)
 Metaspace       used 63625K, committed 64384K, reserved 1114112K
  class space    used 8322K, committed 8704K, reserved 1048576K
}
Event: 18.181 GC heap after
{Heap after GC invocations=24 (full 0):
 garbage-first heap   total 65536K, used 30243K [0x00000000c8c00000, 0x0000000100000000)
  region size 1024K, 2 young (2048K), 2 survivors (2048K)
 Metaspace       used 63625K, committed 64384K, reserved 1114112K
  class space    used 8322K, committed 8704K, reserved 1048576K
}
Event: 18.886 GC heap before
{Heap before GC invocations=24 (full 0):
 garbage-first heap   total 65536K, used 52771K [0x00000000c8c00000, 0x0000000100000000)
  region size 1024K, 24 young (24576K), 2 survivors (2048K)
 Metaspace       used 65273K, committed 66048K, reserved 1114112K
  class space    used 8537K, committed 8896K, reserved 1048576K
}
Event: 18.897 GC heap after
{Heap after GC invocations=25 (full 0):
 garbage-first heap   total 65536K, used 32316K [0x00000000c8c00000, 0x0000000100000000)
  region size 1024K, 2 young (2048K), 2 survivors (2048K)
 Metaspace       used 65273K, committed 66048K, reserved 1114112K
  class space    used 8537K, committed 8896K, reserved 1048576K
}
Event: 29.754 GC heap before
{Heap before GC invocations=25 (full 0):
 garbage-first heap   total 65536K, used 51772K [0x00000000c8c00000, 0x0000000100000000)
  region size 1024K, 22 young (22528K), 2 survivors (2048K)
 Metaspace       used 70016K, committed 70784K, reserved 1114112K
  class space    used 9176K, committed 9536K, reserved 1048576K
}
Event: 29.782 GC heap after
{Heap after GC invocations=26 (full 0):
 garbage-first heap   total 65536K, used 33791K [0x00000000c8c00000, 0x0000000100000000)
  region size 1024K, 2 young (2048K), 2 survivors (2048K)
 Metaspace       used 70016K, committed 70784K, reserved 1114112K
  class space    used 9176K, committed 9536K, reserved 1048576K
}
Event: 55.786 GC heap before
{Heap before GC invocations=27 (full 0):
 garbage-first heap   total 65536K, used 52223K [0x00000000c8c00000, 0x0000000100000000)
  region size 1024K, 20 young (20480K), 2 survivors (2048K)
 Metaspace       used 73462K, committed 74304K, reserved 1114112K
  class space    used 9599K, committed 9984K, reserved 1048576K
}
Event: 55.800 GC heap after
{Heap after GC invocations=28 (full 0):
 garbage-first heap   total 65536K, used 36566K [0x00000000c8c00000, 0x0000000100000000)
  region size 1024K, 3 young (3072K), 3 survivors (3072K)
 Metaspace       used 73462K, committed 74304K, reserved 1114112K
  class space    used 9599K, committed 9984K, reserved 1048576K
}
Event: 55.878 GC heap before
{Heap before GC invocations=28 (full 0):
 garbage-first heap   total 65536K, used 37590K [0x00000000c8c00000, 0x0000000100000000)
  region size 1024K, 4 young (4096K), 3 survivors (3072K)
 Metaspace       used 73759K, committed 74560K, reserved 1114112K
  class space    used 9613K, committed 9984K, reserved 1048576K
}
Event: 55.890 GC heap after
{Heap after GC invocations=29 (full 0):
 garbage-first heap   total 65536K, used 36706K [0x00000000c8c00000, 0x0000000100000000)
  region size 1024K, 1 young (1024K), 1 survivors (1024K)
 Metaspace       used 73759K, committed 74560K, reserved 1114112K
  class space    used 9613K, committed 9984K, reserved 1048576K
}
Event: 56.364 GC heap before
{Heap before GC invocations=29 (full 0):
 garbage-first heap   total 65536K, used 51042K [0x00000000c8c00000, 0x0000000100000000)
  region size 1024K, 16 young (16384K), 1 survivors (1024K)
 Metaspace       used 76100K, committed 76928K, reserved 1179648K
  class space    used 10053K, committed 10432K, reserved 1048576K
}

